1537376977.736843 client started (12639): version master, socket /private/tmp/tmux-503/default, protocol 8
1537376977.736897 on Darwin 17.7.0 Darwin Kernel Version 17.7.0: Thu Jun 21 22:53:14 PDT 2018; root:xnu-4570.71.2~1/RELEASE_X86_64; libevent 2.1.8-stable (select)
1537376977.736945 socket is /private/tmp/tmux-503/default
1537376977.736967 trying connect
1537376977.737052 add peer 0x7f9da4810000: 6 (0x0)
1537376977.738548 sending message 100 to peer 0x7f9da4810000 (4 bytes)
1537376977.738568 sending message 101 to peer 0x7f9da4810000 (16 bytes)
1537376977.738578 sending message 102 to peer 0x7f9da4810000 (13 bytes)
1537376977.738586 sending message 108 to peer 0x7f9da4810000 (39 bytes)
1537376977.738603 sending message 104 to peer 0x7f9da4810000 (0 bytes)
1537376977.738612 sending message 107 to peer 0x7f9da4810000 (4 bytes)
1537376977.738620 sending message 105 to peer 0x7f9da4810000 (76 bytes)
1537376977.738628 sending message 105 to peer 0x7f9da4810000 (217 bytes)
1537376977.738636 sending message 105 to peer 0x7f9da4810000 (25 bytes)
1537376977.738643 sending message 105 to peer 0x7f9da4810000 (32 bytes)
1537376977.738651 sending message 105 to peer 0x7f9da4810000 (20 bytes)
1537376977.738663 sending message 105 to peer 0x7f9da4810000 (23 bytes)
1537376977.738672 sending message 105 to peer 0x7f9da4810000 (31 bytes)
1537376977.738679 sending message 105 to peer 0x7f9da4810000 (11 bytes)
1537376977.738687 sending message 105 to peer 0x7f9da4810000 (40 bytes)
1537376977.738695 sending message 105 to peer 0x7f9da4810000 (33 bytes)
1537376977.738703 sending message 105 to peer 0x7f9da4810000 (26 bytes)
1537376977.738710 sending message 105 to peer 0x7f9da4810000 (67 bytes)
1537376977.738718 sending message 105 to peer 0x7f9da4810000 (17 bytes)
1537376977.738725 sending message 105 to peer 0x7f9da4810000 (19 bytes)
1537376977.738733 sending message 105 to peer 0x7f9da4810000 (22 bytes)
1537376977.738741 sending message 105 to peer 0x7f9da4810000 (32 bytes)
1537376977.738748 sending message 105 to peer 0x7f9da4810000 (38 bytes)
1537376977.738756 sending message 105 to peer 0x7f9da4810000 (44 bytes)
1537376977.738764 sending message 105 to peer 0x7f9da4810000 (47 bytes)
1537376977.738771 sending message 105 to peer 0x7f9da4810000 (595 bytes)
1537376977.738779 sending message 105 to peer 0x7f9da4810000 (43 bytes)
1537376977.738787 sending message 105 to peer 0x7f9da4810000 (17 bytes)
1537376977.738794 sending message 105 to peer 0x7f9da4810000 (20 bytes)
1537376977.738802 sending message 105 to peer 0x7f9da4810000 (17 bytes)
1537376977.738810 sending message 105 to peer 0x7f9da4810000 (24 bytes)
1537376977.738817 sending message 105 to peer 0x7f9da4810000 (26 bytes)
1537376977.738825 sending message 105 to peer 0x7f9da4810000 (8 bytes)
1537376977.738833 sending message 105 to peer 0x7f9da4810000 (66 bytes)
1537376977.738840 sending message 105 to peer 0x7f9da4810000 (21 bytes)
1537376977.738848 sending message 105 to peer 0x7f9da4810000 (57 bytes)
1537376977.738855 sending message 105 to peer 0x7f9da4810000 (42 bytes)
1537376977.738863 sending message 105 to peer 0x7f9da4810000 (14 bytes)
1537376977.738870 sending message 105 to peer 0x7f9da4810000 (19 bytes)
1537376977.738878 sending message 105 to peer 0x7f9da4810000 (24 bytes)
1537376977.738885 sending message 105 to peer 0x7f9da4810000 (14 bytes)
1537376977.738893 sending message 105 to peer 0x7f9da4810000 (36 bytes)
1537376977.738903 sending message 105 to peer 0x7f9da4810000 (38 bytes)
1537376977.738911 sending message 105 to peer 0x7f9da4810000 (15 bytes)
1537376977.738919 sending message 105 to peer 0x7f9da4810000 (84 bytes)
1537376977.738927 sending message 106 to peer 0x7f9da4810000 (0 bytes)
1537376977.738938 sending message 200 to peer 0x7f9da4810000 (4 bytes)
1537376977.738947 client loop enter
1537376977.739507 peer 0x7f9da4810000 message 211
1537376977.739529 client_write: sessions should be nested with care, unset $TMUX to force\n
1537376977.739553 peer 0x7f9da4810000 message 203
1537376977.739563 client loop exit
